{"level":"info","message":"Tentative de TÉLÉCHARGEMENT du modèle d'ÉMOTION...","timestamp":"2025-11-30T18:45:58.954Z"}
{"level":"info","message":"Tentative de TÉLÉCHARGEMENT du modèle de TRANSCRIPTION (Whisper)...","timestamp":"2025-11-30T18:45:58.971Z"}
{"level":"info","message":"Tentative de TÉLÉCHARGEMENT du modèle d'ÉMOTION...","timestamp":"2025-11-30T18:47:16.167Z"}
{"level":"info","message":"Tentative de TÉLÉCHARGEMENT du modèle de TRANSCRIPTION (Whisper)...","timestamp":"2025-11-30T18:47:16.187Z"}
{"error":{},"level":"error","message":"ERREUR CRITIQUE : Impossible de TÉLÉCHARGER le modèle d'ÉMOTION.","timestamp":"2025-11-30T18:47:16.454Z"}
{"level":"info","message":"Tentative de TÉLÉCHARGEMENT du modèle d'ÉMOTION...","timestamp":"2025-11-30T19:05:18.346Z"}
{"level":"info","message":"Tentative de TÉLÉCHARGEMENT du modèle de TRANSCRIPTION (Whisper)...","timestamp":"2025-11-30T19:05:18.363Z"}
{"error":{},"level":"error","message":"ERREUR CRITIQUE : Impossible de TÉLÉCHARGER le modèle Whisper.","timestamp":"2025-11-30T19:05:19.004Z"}
{"level":"info","message":"Tentative de TÉLÉCHARGEMENT du modèle d'ÉMOTION...","timestamp":"2025-11-30T19:10:21.547Z"}
{"level":"info","message":"Tentative de TÉLÉCHARGEMENT du modèle de TRANSCRIPTION (Whisper)...","timestamp":"2025-11-30T19:10:21.563Z"}
{"error":{},"level":"error","message":"ERREUR CRITIQUE : Impossible de TÉLÉCHARGER le modèle Whisper.","timestamp":"2025-11-30T19:10:22.046Z"}
{"level":"info","message":"Tentative de TÉLÉCHARGEMENT du modèle d'ÉMOTION...","timestamp":"2025-11-30T19:17:54.217Z"}
{"level":"info","message":"Tentative de TÉLÉCHARGEMENT du modèle de TRANSCRIPTION (Whisper)...","timestamp":"2025-11-30T19:17:54.236Z"}
{"error":{},"level":"error","message":"ERREUR CRITIQUE : Impossible de TÉLÉCHARGER le modèle Whisper.","timestamp":"2025-11-30T19:17:54.754Z"}
{"level":"info","message":"Tentative de TÉLÉCHARGEMENT du modèle d'ÉMOTION...","timestamp":"2025-12-03T10:31:50.157Z"}
{"level":"info","message":"Tentative de TÉLÉCHARGEMENT du modèle de TRANSCRIPTION (Whisper)...","timestamp":"2025-12-03T10:31:50.210Z"}
{"error":{},"level":"error","message":"ERREUR CRITIQUE : Impossible de TÉLÉCHARGER le modèle Whisper.","timestamp":"2025-12-03T10:31:51.571Z"}
{"level":"info","message":"whisperService: loading ASR pipeline with Xenova/whisper-tiny","timestamp":"2025-12-08T11:42:56.383Z"}
{"error":{"meta":{"headers":{},"meta":{"aborted":false,"attempts":3,"connection":{"_openRequests":0,"deadCount":0,"headers":{"authorization":"[redacted]","user-agent":"elasticsearch-js/8.19.1 (win32 10.0.26100-x64; Node.js 22.18.0; Transport 8.10.0)","x-elastic-client-meta":"es=8.19.1,js=22.18.0,t=8.10.0,un=22.18.0"},"id":"http://localhost:9200/","maxEventListeners":100,"pool":{"_events":{},"_eventsCount":1},"resurrectTimeout":0,"timeout":30000,"tls":null,"url":"http://localhost:9200/","weight":1000},"context":null,"name":"elasticsearch-js","request":{"id":1,"options":{},"params":{"headers":{"accept":"application/vnd.elasticsearch+json; compatible-with=8,text/plain","authorization":"[redacted]","user-agent":"elasticsearch-js/8.19.1 (win32 10.0.26100-x64; Node.js 22.18.0; Transport 8.10.0)","x-elastic-client-meta":"es=8.19.1,js=22.18.0,t=8.10.0,un=22.18.0"},"method":"HEAD","path":"/audio_analysis","querystring":""}}},"statusCode":0,"warnings":null},"name":"ConnectionError","options":{"redaction":{"additionalKeys":[],"type":"replace"}}},"level":"error","message":"ensureIndex error","timestamp":"2025-12-08T11:43:04.637Z"}
{"level":"info","message":"whisperService: ASR pipeline loaded successfully","timestamp":"2025-12-08T11:43:11.156Z"}
{"level":"info","message":"Serveur backend démarré sur http://localhost:3001","timestamp":"2025-12-08T11:43:11.161Z"}
{"level":"info","message":"Modèle Whisper (Xenova/whisper-tiny) prêt ou en mode dégradé. ES routes opérationnelles.","timestamp":"2025-12-08T11:43:11.162Z"}
{"level":"info","message":"whisperService: loading ASR pipeline with Xenova/whisper-tiny","timestamp":"2025-12-08T13:34:52.612Z"}
{"error":{"meta":{"body":"","headers":{"content-length":"697","content-type":"application/json","www-authenticate":["Basic realm=\"security\", charset=\"UTF-8\"","ApiKey"]},"meta":{"aborted":false,"attempts":0,"connection":{"_openRequests":0,"deadCount":0,"headers":{"authorization":"[redacted]","user-agent":"elasticsearch-js/8.19.1 (win32 10.0.26100-x64; Node.js 22.18.0; Transport 8.10.0)","x-elastic-client-meta":"es=8.19.1,js=22.18.0,t=8.10.0,un=22.18.0"},"id":"http://localhost:9200/","maxEventListeners":100,"pool":{"_events":{},"_eventsCount":1},"resurrectTimeout":0,"timeout":30000,"tls":null,"url":"http://localhost:9200/","weight":1000},"context":null,"name":"elasticsearch-js","request":{"id":1,"options":{},"params":{"headers":{"accept":"application/vnd.elasticsearch+json; compatible-with=8,text/plain","authorization":"[redacted]","user-agent":"elasticsearch-js/8.19.1 (win32 10.0.26100-x64; Node.js 22.18.0; Transport 8.10.0)","x-elastic-client-meta":"es=8.19.1,js=22.18.0,t=8.10.0,un=22.18.0"},"method":"HEAD","path":"/audio_analysis","querystring":""}}},"statusCode":401,"warnings":null},"name":"ResponseError","options":{"redaction":{"additionalKeys":[],"type":"replace"}}},"level":"error","message":"ensureIndex error","timestamp":"2025-12-08T13:34:53.051Z"}
{"level":"info","message":"whisperService: ASR pipeline loaded successfully","timestamp":"2025-12-08T13:34:57.956Z"}
{"level":"info","message":"Serveur backend démarré sur http://localhost:3001","timestamp":"2025-12-08T13:34:57.963Z"}
{"level":"info","message":"Modèle Whisper (Xenova/whisper-tiny) prêt ou en mode dégradé. ES routes opérationnelles.","timestamp":"2025-12-08T13:34:57.964Z"}
{"level":"info","message":"whisperService: loading ASR pipeline with Xenova/whisper-tiny","timestamp":"2025-12-08T13:45:17.677Z"}
{"error":{"meta":{"body":"","headers":{"content-length":"697","content-type":"application/json","www-authenticate":["Basic realm=\"security\", charset=\"UTF-8\"","ApiKey"]},"meta":{"aborted":false,"attempts":0,"connection":{"_openRequests":0,"deadCount":0,"headers":{"authorization":"[redacted]","user-agent":"elasticsearch-js/8.19.1 (win32 10.0.26100-x64; Node.js 22.18.0; Transport 8.10.0)","x-elastic-client-meta":"es=8.19.1,js=22.18.0,t=8.10.0,un=22.18.0"},"id":"http://localhost:9200/","maxEventListeners":100,"pool":{"_events":{},"_eventsCount":1},"resurrectTimeout":0,"timeout":30000,"tls":null,"url":"http://localhost:9200/","weight":1000},"context":null,"name":"elasticsearch-js","request":{"id":1,"options":{},"params":{"headers":{"accept":"application/vnd.elasticsearch+json; compatible-with=8,text/plain","authorization":"[redacted]","user-agent":"elasticsearch-js/8.19.1 (win32 10.0.26100-x64; Node.js 22.18.0; Transport 8.10.0)","x-elastic-client-meta":"es=8.19.1,js=22.18.0,t=8.10.0,un=22.18.0"},"method":"HEAD","path":"/audio_analysis","querystring":""}}},"statusCode":401,"warnings":null},"name":"ResponseError","options":{"redaction":{"additionalKeys":[],"type":"replace"}}},"level":"error","message":"ensureIndex error","timestamp":"2025-12-08T13:45:17.758Z"}
{"level":"info","message":"whisperService: ASR pipeline loaded successfully","timestamp":"2025-12-08T13:45:21.572Z"}
{"level":"info","message":"Serveur backend démarré sur http://localhost:3000","timestamp":"2025-12-08T13:45:21.578Z"}
{"level":"info","message":"Modèle Whisper (Xenova/whisper-tiny) prêt ou en mode dégradé. ES routes opérationnelles.","timestamp":"2025-12-08T13:45:21.579Z"}
